<?xml version="1.0" encoding="UTF-8"?>
<!-- Generated by org.testng.reporters.JUnitXMLReporter -->
<testsuite hostname="DESKTOP-O2V6U4O" ignored="0" name="Test1" tests="18" failures="1" timestamp="2020-05-17T12:26:14 BST" time="0.654" errors="0">
  <testcase name="loginTest" time="0.045" classname="testngtests.TestExecutionOrder"/>
  <testcase name="logOutTest" time="0.007" classname="testngtests.TestExecutionOrder"/>
  <testcase name="addToCartTest" time="0.014" classname="testngtests.TestExecutionOrder"/>
  <testcase name="forgotPasswordTest" time="0.004" classname="testngtests.TestExecutionOrder"/>
  <testcase name="addMultipleItemsToCartTest" time="0.009" classname="testngtests.TestCaseGroupingTest"/>
  <testcase name="addToCartTest" time="0.012" classname="testngtests.TestCaseGroupingTest"/>
  <testcase name="deleteFromCartTest" time="0.013" classname="testngtests.TestCaseGroupingTest"/>
  <testcase name="deleteMultipleItemsFromCartTest" time="0.005" classname="testngtests.TestCaseGroupingTest"/>
  <testcase name="forgotPasswordTest" time="0.029" classname="testngtests.TestCaseGroupingTest"/>
  <testcase name="logOutTest" time="0.014" classname="testngtests.TestCaseGroupingTest"/>
  <testcase name="loginTest" time="0.015" classname="testngtests.TestCaseGroupingTest"/>
  <testcase name="forgotPasswordTest" time="0.004" classname="testngtests.TestCaseDependencyManagement"/>
  <testcase name="loginTest" time="0.027" classname="testngtests.TestCaseDependencyManagement">
    <failure type="java.lang.AssertionError" message="Login functionality is not working. expected [somethingelse] but found [something]">
      <![CDATA[java.lang.AssertionError: Login functionality is not working. expected [somethingelse] but found [something]
at testngtests.TestCaseDependencyManagement.loginTest(TestCaseDependencyManagement.java:18)
at java.util.ArrayList.forEach(ArrayList.java:1257)
... Removed 31 stack frames]]>
    </failure>
  </testcase> <!-- loginTest -->
  <testcase name="addMultipleItemsToCartTest" time="0.0" classname="testngtests.TestCaseDependencyManagement">
    <skipped/>
  </testcase> <!-- addMultipleItemsToCartTest -->
  <testcase name="addToCartTest" time="0.0" classname="testngtests.TestCaseDependencyManagement">
    <skipped/>
  </testcase> <!-- addToCartTest -->
  <testcase name="deleteFromCartTest" time="0.0" classname="testngtests.TestCaseDependencyManagement">
    <skipped/>
  </testcase> <!-- deleteFromCartTest -->
  <testcase name="deleteMultipleItemsFromCartTest" time="0.001" classname="testngtests.TestCaseDependencyManagement">
    <skipped/>
  </testcase> <!-- deleteMultipleItemsFromCartTest -->
  <testcase name="logOutTest" time="0.0" classname="testngtests.TestCaseDependencyManagement">
    <skipped/>
  </testcase> <!-- logOutTest -->
</testsuite> <!-- Test1 -->
