<?xml version="1.0" encoding="UTF-8"?>
<!-- Generated by org.testng.reporters.JUnitXMLReporter -->
<testsuite hostname="DESKTOP-O2V6U4O" ignored="0" name="My Account - Orders Test" tests="14" failures="1" timestamp="2020-05-23T09:50:47 BST" time="0.267" errors="0">
  <testcase name="addMultipleItemsToCartTest" time="0.004" classname="testngtests.TestCaseGroupingTest"/>
  <testcase name="addToCartTest" time="0.009" classname="testngtests.TestCaseGroupingTest"/>
  <testcase name="deleteFromCartTest" time="0.005" classname="testngtests.TestCaseGroupingTest"/>
  <testcase name="deleteMultipleItemsFromCartTest" time="0.005" classname="testngtests.TestCaseGroupingTest"/>
  <testcase name="forgotPasswordTest" time="0.003" classname="testngtests.TestCaseGroupingTest"/>
  <testcase name="logOutTest" time="0.002" classname="testngtests.TestCaseGroupingTest"/>
  <testcase name="loginTest" time="0.005" classname="testngtests.TestCaseGroupingTest"/>
  <testcase name="forgotPasswordTest" time="0.003" classname="testngtests.TestCaseDependencyManagement"/>
  <testcase name="loginTest" time="0.005" classname="testngtests.TestCaseDependencyManagement">
    <failure type="java.lang.AssertionError" message="Login functionality is not working. expected [somethingelse] but found [something]">
      <![CDATA[java.lang.AssertionError: Login functionality is not working. expected [somethingelse] but found [something]
at testngtests.TestCaseDependencyManagement.loginTest(TestCaseDependencyManagement.java:18)
at java.util.ArrayList.forEach(ArrayList.java:1257)
... Removed 31 stack frames]]>
    </failure>
  </testcase> <!-- loginTest -->
  <testcase name="addMultipleItemsToCartTest" time="0.0" classname="testngtests.TestCaseDependencyManagement">
    <skipped/>
  </testcase> <!-- addMultipleItemsToCartTest -->
  <testcase name="addToCartTest" time="0.0" classname="testngtests.TestCaseDependencyManagement">
    <skipped/>
  </testcase> <!-- addToCartTest -->
  <testcase name="deleteFromCartTest" time="0.0" classname="testngtests.TestCaseDependencyManagement">
    <skipped/>
  </testcase> <!-- deleteFromCartTest -->
  <testcase name="deleteMultipleItemsFromCartTest" time="0.0" classname="testngtests.TestCaseDependencyManagement">
    <skipped/>
  </testcase> <!-- deleteMultipleItemsFromCartTest -->
  <testcase name="logOutTest" time="0.0" classname="testngtests.TestCaseDependencyManagement">
    <skipped/>
  </testcase> <!-- logOutTest -->
</testsuite> <!-- My Account - Orders Test -->
