<html>
<head>
<title>TestNG:  My Account - Orders Test</title>
<link href="../testng.css" rel="stylesheet" type="text/css" />
<link href="../my-testng.css" rel="stylesheet" type="text/css" />

<style type="text/css">
.log { display: none;} 
.stack-trace { display: none;} 
</style>
<script type="text/javascript">
<!--
function flip(e) {
  current = e.style.display;
  if (current == 'block') {
    e.style.display = 'none';
    return 0;
  }
  else {
    e.style.display = 'block';
    return 1;
  }
}

function toggleBox(szDivId, elem, msg1, msg2)
{
  var res = -1;  if (document.getElementById) {
    res = flip(document.getElementById(szDivId));
  }
  else if (document.all) {
    // this is the way old msie versions work
    res = flip(document.all[szDivId]);
  }
  if(elem) {
    if(res == 0) elem.innerHTML = msg1; else elem.innerHTML = msg2;
  }

}

function toggleAllBoxes() {
  if (document.getElementsByTagName) {
    d = document.getElementsByTagName('div');
    for (i = 0; i < d.length; i++) {
      if (d[i].className == 'log') {
        flip(d[i]);
      }
    }
  }
}

// -->
</script>

</head>
<body>
<h2 align='center'>My Account - Orders Test</h2><table border='1' align="center">
<tr>
<td>Tests passed/Failed/Skipped:</td><td>8/1/5</td>
</tr><tr>
<td>Started on:</td><td>Sun May 17 12:34:35 BST 2020</td>
</tr>
<tr><td>Total time:</td><td>0 seconds (403 ms)</td>
</tr><tr>
<td>Included groups:</td><td></td>
</tr><tr>
<td>Excluded groups:</td><td></td>
</tr>
</table><p/>
<small><i>(Hover the method name to see the test class name)</i></small><p/>
<table width='100%' border='1' class='invocation-failed'>
<tr><td colspan='4' align='center'><b>FAILED TESTS</b></td></tr>
<tr><td><b>Test method</b></td>
<td width="30%"><b>Exception</b></td>
<td width="10%"><b>Time (seconds)</b></td>
<td><b>Instance</b></td>
</tr>
<tr>
<td title='testngtests.TestCaseDependencyManagement.loginTest()'><b>loginTest</b><br>Test class: testngtests.TestCaseDependencyManagement</td>
<td><div><pre>java.lang.AssertionError: Login functionality is not working. expected [somethingelse] but found [something]
	at testngtests.TestCaseDependencyManagement.loginTest(TestCaseDependencyManagement.java:18)
	at java.util.ArrayList.forEach(ArrayList.java:1257)
... Removed 31 stack frames</pre></div><a href='#' onClick='toggleBox("stack-trace1885996206", this, "Click to show all stack frames", "Click to hide stack frames")'>Click to show all stack frames</a>
<div class='stack-trace' id='stack-trace1885996206'><pre>java.lang.AssertionError: Login functionality is not working. expected [somethingelse] but found [something]
	at org.testng.Assert.fail(Assert.java:97)
	at org.testng.Assert.assertEqualsImpl(Assert.java:136)
	at org.testng.Assert.assertEquals(Assert.java:118)
	at org.testng.Assert.assertEquals(Assert.java:575)
	at testngtests.TestCaseDependencyManagement.loginTest(TestCaseDependencyManagement.java:18)
	at sun.reflect.NativeMethodAccessorImpl.invoke0(Native Method)
	at sun.reflect.NativeMethodAccessorImpl.invoke(NativeMethodAccessorImpl.java:62)
	at sun.reflect.DelegatingMethodAccessorImpl.invoke(DelegatingMethodAccessorImpl.java:43)
	at java.lang.reflect.Method.invoke(Method.java:498)
	at org.testng.internal.MethodInvocationHelper.invokeMethod(MethodInvocationHelper.java:134)
	at org.testng.internal.TestInvoker.invokeMethod(TestInvoker.java:597)
	at org.testng.internal.TestInvoker.invokeTestMethod(TestInvoker.java:173)
	at org.testng.internal.MethodRunner.runInSequence(MethodRunner.java:46)
	at org.testng.internal.TestInvoker$MethodInvocationAgent.invoke(TestInvoker.java:816)
	at org.testng.internal.TestInvoker.invokeTestMethods(TestInvoker.java:146)
	at org.testng.internal.TestMethodWorker.invokeTestMethods(TestMethodWorker.java:146)
	at org.testng.internal.TestMethodWorker.run(TestMethodWorker.java:128)
	at java.util.ArrayList.forEach(ArrayList.java:1257)
	at org.testng.TestRunner.privateRun(TestRunner.java:766)
	at org.testng.TestRunner.run(TestRunner.java:587)
	at org.testng.SuiteRunner.runTest(SuiteRunner.java:384)
	at org.testng.SuiteRunner.runSequentially(SuiteRunner.java:378)
	at org.testng.SuiteRunner.privateRun(SuiteRunner.java:337)
	at org.testng.SuiteRunner.run(SuiteRunner.java:286)
	at org.testng.SuiteRunnerWorker.runSuite(SuiteRunnerWorker.java:53)
	at org.testng.SuiteRunnerWorker.run(SuiteRunnerWorker.java:96)
	at org.testng.TestNG.runSuitesSequentially(TestNG.java:1187)
	at org.testng.TestNG.runSuitesLocally(TestNG.java:1109)
	at org.testng.TestNG.runSuites(TestNG.java:1039)
	at org.testng.TestNG.run(TestNG.java:1007)
	at org.testng.remote.AbstractRemoteTestNG.run(AbstractRemoteTestNG.java:115)
	at org.testng.remote.RemoteTestNG.initAndRun(RemoteTestNG.java:251)
	at org.testng.remote.RemoteTestNG.main(RemoteTestNG.java:77)
</pre></div></td>
<td>0</td>
<td>testngtests.TestCaseDependencyManagement@57855c9a</td></tr>
</table><p>
<table width='100%' border='1' class='invocation-passed'>
<tr><td colspan='4' align='center'><b>PASSED TESTS</b></td></tr>
<tr><td><b>Test method</b></td>
<td width="30%"><b>Exception</b></td>
<td width="10%"><b>Time (seconds)</b></td>
<td><b>Instance</b></td>
</tr>
<tr>
<td title='testngtests.TestCaseGroupingTest.addMultipleItemsToCartTest()'><b>addMultipleItemsToCartTest</b><br>Test class: testngtests.TestCaseGroupingTest</td>
<td></td>
<td>0</td>
<td>testngtests.TestCaseGroupingTest@22a67b4</td></tr>
<tr>
<td title='testngtests.TestExecutionOrder.addToCartTest()'><b>addToCartTest</b><br>Test class: testngtests.TestExecutionOrder</td>
<td></td>
<td>0</td>
<td>testngtests.TestExecutionOrder@5a8e6209</td></tr>
<tr>
<td title='testngtests.TestCaseGroupingTest.addToCartTest()'><b>addToCartTest</b><br>Test class: testngtests.TestCaseGroupingTest</td>
<td></td>
<td>0</td>
<td>testngtests.TestCaseGroupingTest@22a67b4</td></tr>
<tr>
<td title='testngtests.TestCaseGroupingTest.deleteFromCartTest()'><b>deleteFromCartTest</b><br>Test class: testngtests.TestCaseGroupingTest</td>
<td></td>
<td>0</td>
<td>testngtests.TestCaseGroupingTest@22a67b4</td></tr>
<tr>
<td title='testngtests.TestCaseGroupingTest.deleteMultipleItemsFromCartTest()'><b>deleteMultipleItemsFromCartTest</b><br>Test class: testngtests.TestCaseGroupingTest</td>
<td></td>
<td>0</td>
<td>testngtests.TestCaseGroupingTest@22a67b4</td></tr>
<tr>
<td title='testngtests.TestExecutionOrder.forgotPasswordTest()'><b>forgotPasswordTest</b><br>Test class: testngtests.TestExecutionOrder</td>
<td></td>
<td>0</td>
<td>testngtests.TestExecutionOrder@5a8e6209</td></tr>
<tr>
<td title='testngtests.TestCaseGroupingTest.forgotPasswordTest()'><b>forgotPasswordTest</b><br>Test class: testngtests.TestCaseGroupingTest</td>
<td></td>
<td>0</td>
<td>testngtests.TestCaseGroupingTest@22a67b4</td></tr>
<tr>
<td title='testngtests.TestCaseDependencyManagement.forgotPasswordTest()'><b>forgotPasswordTest</b><br>Test class: testngtests.TestCaseDependencyManagement</td>
<td></td>
<td>0</td>
<td>testngtests.TestCaseDependencyManagement@57855c9a</td></tr>
<tr>
<td title='testngtests.TestExecutionOrder.logOutTest()'><b>logOutTest</b><br>Test class: testngtests.TestExecutionOrder</td>
<td></td>
<td>0</td>
<td>testngtests.TestExecutionOrder@5a8e6209</td></tr>
<tr>
<td title='testngtests.TestCaseGroupingTest.logOutTest()'><b>logOutTest</b><br>Test class: testngtests.TestCaseGroupingTest</td>
<td></td>
<td>0</td>
<td>testngtests.TestCaseGroupingTest@22a67b4</td></tr>
<tr>
<td title='testngtests.TestExecutionOrder.loginTest()'><b>loginTest</b><br>Test class: testngtests.TestExecutionOrder</td>
<td></td>
<td>0</td>
<td>testngtests.TestExecutionOrder@5a8e6209</td></tr>
<tr>
<td title='testngtests.TestCaseGroupingTest.loginTest()'><b>loginTest</b><br>Test class: testngtests.TestCaseGroupingTest</td>
<td></td>
<td>0</td>
<td>testngtests.TestCaseGroupingTest@22a67b4</td></tr>
</table><p>
<table width='100%' border='1' class='invocation-skipped'>
<tr><td colspan='4' align='center'><b>SKIPPED TESTS</b></td></tr>
<tr><td><b>Test method</b></td>
<td width="30%"><b>Exception</b></td>
<td width="10%"><b>Time (seconds)</b></td>
<td><b>Instance</b></td>
</tr>
<tr>
<td title='testngtests.TestCaseDependencyManagement.addMultipleItemsToCartTest()'><b>addMultipleItemsToCartTest</b><br>Test class: testngtests.TestCaseDependencyManagement</td>
<td><div><pre>java.lang.Throwable: Method TestCaseDependencyManagement.addMultipleItemsToCartTest()[pri:0, instance:testngtests.TestCaseDependencyManagement@57855c9a] depends on not successfully finished methods
	at java.util.ArrayList.forEach(ArrayList.java:1257)
... Removed 18 stack frames</pre></div><a href='#' onClick='toggleBox("stack-trace278934944", this, "Click to show all stack frames", "Click to hide stack frames")'>Click to show all stack frames</a>
<div class='stack-trace' id='stack-trace278934944'><pre>java.lang.Throwable: Method TestCaseDependencyManagement.addMultipleItemsToCartTest()[pri:0, instance:testngtests.TestCaseDependencyManagement@57855c9a] depends on not successfully finished methods
	at org.testng.internal.TestInvoker.invokeTestMethods(TestInvoker.java:101)
	at org.testng.internal.TestMethodWorker.invokeTestMethods(TestMethodWorker.java:146)
	at org.testng.internal.TestMethodWorker.run(TestMethodWorker.java:128)
	at java.util.ArrayList.forEach(ArrayList.java:1257)
	at org.testng.TestRunner.privateRun(TestRunner.java:766)
	at org.testng.TestRunner.run(TestRunner.java:587)
	at org.testng.SuiteRunner.runTest(SuiteRunner.java:384)
	at org.testng.SuiteRunner.runSequentially(SuiteRunner.java:378)
	at org.testng.SuiteRunner.privateRun(SuiteRunner.java:337)
	at org.testng.SuiteRunner.run(SuiteRunner.java:286)
	at org.testng.SuiteRunnerWorker.runSuite(SuiteRunnerWorker.java:53)
	at org.testng.SuiteRunnerWorker.run(SuiteRunnerWorker.java:96)
	at org.testng.TestNG.runSuitesSequentially(TestNG.java:1187)
	at org.testng.TestNG.runSuitesLocally(TestNG.java:1109)
	at org.testng.TestNG.runSuites(TestNG.java:1039)
	at org.testng.TestNG.run(TestNG.java:1007)
	at org.testng.remote.AbstractRemoteTestNG.run(AbstractRemoteTestNG.java:115)
	at org.testng.remote.RemoteTestNG.initAndRun(RemoteTestNG.java:251)
	at org.testng.remote.RemoteTestNG.main(RemoteTestNG.java:77)
</pre></div></td>
<td>0</td>
<td>testngtests.TestCaseDependencyManagement@57855c9a</td></tr>
<tr>
<td title='testngtests.TestCaseDependencyManagement.addToCartTest()'><b>addToCartTest</b><br>Test class: testngtests.TestCaseDependencyManagement</td>
<td><div><pre>java.lang.Throwable: Method TestCaseDependencyManagement.addToCartTest()[pri:0, instance:testngtests.TestCaseDependencyManagement@57855c9a] depends on not successfully finished methods
	at java.util.ArrayList.forEach(ArrayList.java:1257)
... Removed 18 stack frames</pre></div><a href='#' onClick='toggleBox("stack-trace1205555397", this, "Click to show all stack frames", "Click to hide stack frames")'>Click to show all stack frames</a>
<div class='stack-trace' id='stack-trace1205555397'><pre>java.lang.Throwable: Method TestCaseDependencyManagement.addToCartTest()[pri:0, instance:testngtests.TestCaseDependencyManagement@57855c9a] depends on not successfully finished methods
	at org.testng.internal.TestInvoker.invokeTestMethods(TestInvoker.java:101)
	at org.testng.internal.TestMethodWorker.invokeTestMethods(TestMethodWorker.java:146)
	at org.testng.internal.TestMethodWorker.run(TestMethodWorker.java:128)
	at java.util.ArrayList.forEach(ArrayList.java:1257)
	at org.testng.TestRunner.privateRun(TestRunner.java:766)
	at org.testng.TestRunner.run(TestRunner.java:587)
	at org.testng.SuiteRunner.runTest(SuiteRunner.java:384)
	at org.testng.SuiteRunner.runSequentially(SuiteRunner.java:378)
	at org.testng.SuiteRunner.privateRun(SuiteRunner.java:337)
	at org.testng.SuiteRunner.run(SuiteRunner.java:286)
	at org.testng.SuiteRunnerWorker.runSuite(SuiteRunnerWorker.java:53)
	at org.testng.SuiteRunnerWorker.run(SuiteRunnerWorker.java:96)
	at org.testng.TestNG.runSuitesSequentially(TestNG.java:1187)
	at org.testng.TestNG.runSuitesLocally(TestNG.java:1109)
	at org.testng.TestNG.runSuites(TestNG.java:1039)
	at org.testng.TestNG.run(TestNG.java:1007)
	at org.testng.remote.AbstractRemoteTestNG.run(AbstractRemoteTestNG.java:115)
	at org.testng.remote.RemoteTestNG.initAndRun(RemoteTestNG.java:251)
	at org.testng.remote.RemoteTestNG.main(RemoteTestNG.java:77)
</pre></div></td>
<td>0</td>
<td>testngtests.TestCaseDependencyManagement@57855c9a</td></tr>
<tr>
<td title='testngtests.TestCaseDependencyManagement.deleteFromCartTest()'><b>deleteFromCartTest</b><br>Test class: testngtests.TestCaseDependencyManagement</td>
<td><div><pre>java.lang.Throwable: Method TestCaseDependencyManagement.deleteFromCartTest()[pri:0, instance:testngtests.TestCaseDependencyManagement@57855c9a] depends on not successfully finished methods
	at java.util.ArrayList.forEach(ArrayList.java:1257)
... Removed 18 stack frames</pre></div><a href='#' onClick='toggleBox("stack-trace1293618474", this, "Click to show all stack frames", "Click to hide stack frames")'>Click to show all stack frames</a>
<div class='stack-trace' id='stack-trace1293618474'><pre>java.lang.Throwable: Method TestCaseDependencyManagement.deleteFromCartTest()[pri:0, instance:testngtests.TestCaseDependencyManagement@57855c9a] depends on not successfully finished methods
	at org.testng.internal.TestInvoker.invokeTestMethods(TestInvoker.java:101)
	at org.testng.internal.TestMethodWorker.invokeTestMethods(TestMethodWorker.java:146)
	at org.testng.internal.TestMethodWorker.run(TestMethodWorker.java:128)
	at java.util.ArrayList.forEach(ArrayList.java:1257)
	at org.testng.TestRunner.privateRun(TestRunner.java:766)
	at org.testng.TestRunner.run(TestRunner.java:587)
	at org.testng.SuiteRunner.runTest(SuiteRunner.java:384)
	at org.testng.SuiteRunner.runSequentially(SuiteRunner.java:378)
	at org.testng.SuiteRunner.privateRun(SuiteRunner.java:337)
	at org.testng.SuiteRunner.run(SuiteRunner.java:286)
	at org.testng.SuiteRunnerWorker.runSuite(SuiteRunnerWorker.java:53)
	at org.testng.SuiteRunnerWorker.run(SuiteRunnerWorker.java:96)
	at org.testng.TestNG.runSuitesSequentially(TestNG.java:1187)
	at org.testng.TestNG.runSuitesLocally(TestNG.java:1109)
	at org.testng.TestNG.runSuites(TestNG.java:1039)
	at org.testng.TestNG.run(TestNG.java:1007)
	at org.testng.remote.AbstractRemoteTestNG.run(AbstractRemoteTestNG.java:115)
	at org.testng.remote.RemoteTestNG.initAndRun(RemoteTestNG.java:251)
	at org.testng.remote.RemoteTestNG.main(RemoteTestNG.java:77)
</pre></div></td>
<td>0</td>
<td>testngtests.TestCaseDependencyManagement@57855c9a</td></tr>
<tr>
<td title='testngtests.TestCaseDependencyManagement.deleteMultipleItemsFromCartTest()'><b>deleteMultipleItemsFromCartTest</b><br>Test class: testngtests.TestCaseDependencyManagement</td>
<td><div><pre>java.lang.Throwable: Method TestCaseDependencyManagement.deleteMultipleItemsFromCartTest()[pri:0, instance:testngtests.TestCaseDependencyManagement@57855c9a] depends on not successfully finished methods
	at java.util.ArrayList.forEach(ArrayList.java:1257)
... Removed 18 stack frames</pre></div><a href='#' onClick='toggleBox("stack-trace345281752", this, "Click to show all stack frames", "Click to hide stack frames")'>Click to show all stack frames</a>
<div class='stack-trace' id='stack-trace345281752'><pre>java.lang.Throwable: Method TestCaseDependencyManagement.deleteMultipleItemsFromCartTest()[pri:0, instance:testngtests.TestCaseDependencyManagement@57855c9a] depends on not successfully finished methods
	at org.testng.internal.TestInvoker.invokeTestMethods(TestInvoker.java:101)
	at org.testng.internal.TestMethodWorker.invokeTestMethods(TestMethodWorker.java:146)
	at org.testng.internal.TestMethodWorker.run(TestMethodWorker.java:128)
	at java.util.ArrayList.forEach(ArrayList.java:1257)
	at org.testng.TestRunner.privateRun(TestRunner.java:766)
	at org.testng.TestRunner.run(TestRunner.java:587)
	at org.testng.SuiteRunner.runTest(SuiteRunner.java:384)
	at org.testng.SuiteRunner.runSequentially(SuiteRunner.java:378)
	at org.testng.SuiteRunner.privateRun(SuiteRunner.java:337)
	at org.testng.SuiteRunner.run(SuiteRunner.java:286)
	at org.testng.SuiteRunnerWorker.runSuite(SuiteRunnerWorker.java:53)
	at org.testng.SuiteRunnerWorker.run(SuiteRunnerWorker.java:96)
	at org.testng.TestNG.runSuitesSequentially(TestNG.java:1187)
	at org.testng.TestNG.runSuitesLocally(TestNG.java:1109)
	at org.testng.TestNG.runSuites(TestNG.java:1039)
	at org.testng.TestNG.run(TestNG.java:1007)
	at org.testng.remote.AbstractRemoteTestNG.run(AbstractRemoteTestNG.java:115)
	at org.testng.remote.RemoteTestNG.initAndRun(RemoteTestNG.java:251)
	at org.testng.remote.RemoteTestNG.main(RemoteTestNG.java:77)
</pre></div></td>
<td>0</td>
<td>testngtests.TestCaseDependencyManagement@57855c9a</td></tr>
<tr>
<td title='testngtests.TestCaseDependencyManagement.logOutTest()'><b>logOutTest</b><br>Test class: testngtests.TestCaseDependencyManagement</td>
<td><div><pre>java.lang.Throwable: Method TestCaseDependencyManagement.logOutTest()[pri:0, instance:testngtests.TestCaseDependencyManagement@57855c9a] depends on not successfully finished methods
	at java.util.ArrayList.forEach(ArrayList.java:1257)
... Removed 18 stack frames</pre></div><a href='#' onClick='toggleBox("stack-trace1684015092", this, "Click to show all stack frames", "Click to hide stack frames")'>Click to show all stack frames</a>
<div class='stack-trace' id='stack-trace1684015092'><pre>java.lang.Throwable: Method TestCaseDependencyManagement.logOutTest()[pri:0, instance:testngtests.TestCaseDependencyManagement@57855c9a] depends on not successfully finished methods
	at org.testng.internal.TestInvoker.invokeTestMethods(TestInvoker.java:101)
	at org.testng.internal.TestMethodWorker.invokeTestMethods(TestMethodWorker.java:146)
	at org.testng.internal.TestMethodWorker.run(TestMethodWorker.java:128)
	at java.util.ArrayList.forEach(ArrayList.java:1257)
	at org.testng.TestRunner.privateRun(TestRunner.java:766)
	at org.testng.TestRunner.run(TestRunner.java:587)
	at org.testng.SuiteRunner.runTest(SuiteRunner.java:384)
	at org.testng.SuiteRunner.runSequentially(SuiteRunner.java:378)
	at org.testng.SuiteRunner.privateRun(SuiteRunner.java:337)
	at org.testng.SuiteRunner.run(SuiteRunner.java:286)
	at org.testng.SuiteRunnerWorker.runSuite(SuiteRunnerWorker.java:53)
	at org.testng.SuiteRunnerWorker.run(SuiteRunnerWorker.java:96)
	at org.testng.TestNG.runSuitesSequentially(TestNG.java:1187)
	at org.testng.TestNG.runSuitesLocally(TestNG.java:1109)
	at org.testng.TestNG.runSuites(TestNG.java:1039)
	at org.testng.TestNG.run(TestNG.java:1007)
	at org.testng.remote.AbstractRemoteTestNG.run(AbstractRemoteTestNG.java:115)
	at org.testng.remote.RemoteTestNG.initAndRun(RemoteTestNG.java:251)
	at org.testng.remote.RemoteTestNG.main(RemoteTestNG.java:77)
</pre></div></td>
<td>0</td>
<td>testngtests.TestCaseDependencyManagement@57855c9a</td></tr>
</table><p>
</body>
</html>