<!DOCTYPE html PUBLIC "-//W3C//DTD XHTML 1.1//EN" "http://www.w3.org/TR/xhtml11/DTD/xhtml11.dtd">
<html xmlns="http://www.w3.org/1999/xhtml">
<head>
<meta http-equiv="content-type" content="text/html; charset=UTF-8"/>
<title>TestNG Report</title>
<style type="text/css">table {margin-bottom:10px;border-collapse:collapse;empty-cells:show}th,td {border:1px solid #009;padding:.25em .5em}th {vertical-align:bottom}td {vertical-align:top}table a {font-weight:bold}.stripe td {background-color: #E6EBF9}.num {text-align:right}.passedodd td {background-color: #3F3}.passedeven td {background-color: #0A0}.skippedodd td {background-color: #DDD}.skippedeven td {background-color: #CCC}.failedodd td,.attn {background-color: #F33}.failedeven td,.stripe .attn {background-color: #D00}.stacktrace {white-space:pre;font-family:monospace}.totop {font-size:85%;text-align:center;border-bottom:2px solid #000}.invisible {display:none}</style>
</head>
<body>
<table>
<tr><th>Test</th><th># Passed</th><th># Skipped</th><th># Retried</th><th># Failed</th><th>Time (ms)</th><th>Included Groups</th><th>Excluded Groups</th></tr>
<tr><th colspan="8">MyTestSuite2</th></tr>
<tr><td><a href="#t0">My Account - Addresses Test</a></td><td class="num">4</td><td class="num">0</td><td class="num">0</td><td class="num">0</td><td class="num">337</td><td></td><td></td></tr>
<tr class="stripe"><td><a href="#t1">My Account - Orders Test</a></td><td class="num">8</td><td class="num attn">5</td><td class="num">0</td><td class="num attn">1</td><td class="num">403</td><td></td><td></td></tr>
<tr><td><a href="#t2">Cart Test</a></td><td class="num">0</td><td class="num">0</td><td class="num">0</td><td class="num attn">3</td><td class="num">51</td><td></td><td></td></tr>
<tr><th>Total</th><th class="num">12</th><th class="num attn">5</th><th class="num">0</th><th class="num attn">4</th><th class="num">791</th><th colspan="2"></th></tr>
</table>
<table id='summary'><thead><tr><th>Class</th><th>Method</th><th>Start</th><th>Time (ms)</th></tr></thead><tbody><tr><th colspan="4">MyTestSuite2</th></tr></tbody><tbody id="t0"><tr><th colspan="4">My Account - Addresses Test &#8212; passed</th></tr><tr class="passedeven"><td rowspan="4">testngtests.TestExecutionOrder</td><td><a href="#m0">addToCartTest</a></td><td rowspan="1">1589715274940</td><td rowspan="1">19</td></tr><tr class="passedeven"><td><a href="#m1">forgotPasswordTest</a></td><td rowspan="1">1589715274986</td><td rowspan="1">5</td></tr><tr class="passedeven"><td><a href="#m2">logOutTest</a></td><td rowspan="1">1589715274894</td><td rowspan="1">26</td></tr><tr class="passedeven"><td><a href="#m3">loginTest</a></td><td rowspan="1">1589715274801</td><td rowspan="1">67</td></tr></tbody>
<tbody id="t1"><tr><th colspan="4">My Account - Orders Test &#8212; failed</th></tr><tr class="failedeven"><td rowspan="1">testngtests.TestCaseDependencyManagement</td><td><a href="#m4">loginTest</a></td><td rowspan="1">1589715275330</td><td rowspan="1">6</td></tr><tr><th colspan="4">My Account - Orders Test &#8212; skipped</th></tr><tr class="skippedeven"><td rowspan="5">testngtests.TestCaseDependencyManagement</td><td><a href="#m5">addMultipleItemsToCartTest</a></td><td rowspan="1">1589715275413</td><td rowspan="1">0</td></tr><tr class="skippedeven"><td><a href="#m6">addToCartTest</a></td><td rowspan="1">1589715275434</td><td rowspan="1">0</td></tr><tr class="skippedeven"><td><a href="#m7">deleteFromCartTest</a></td><td rowspan="1">1589715275449</td><td rowspan="1">0</td></tr><tr class="skippedeven"><td><a href="#m8">deleteMultipleItemsFromCartTest</a></td><td rowspan="1">1589715275462</td><td rowspan="1">0</td></tr><tr class="skippedeven"><td><a href="#m9">logOutTest</a></td><td rowspan="1">1589715275474</td><td rowspan="1">0</td></tr><tr><th colspan="4">My Account - Orders Test &#8212; passed</th></tr><tr class="passedeven"><td rowspan="1">testngtests.TestCaseDependencyManagement</td><td><a href="#m10">forgotPasswordTest</a></td><td rowspan="1">1589715275318</td><td rowspan="1">5</td></tr><tr class="passedodd"><td rowspan="7">testngtests.TestCaseGroupingTest</td><td><a href="#m11">addMultipleItemsToCartTest</a></td><td rowspan="1">1589715275160</td><td rowspan="1">3</td></tr><tr class="passedodd"><td><a href="#m12">addToCartTest</a></td><td rowspan="1">1589715275168</td><td rowspan="1">6</td></tr><tr class="passedodd"><td><a href="#m13">deleteFromCartTest</a></td><td rowspan="1">1589715275187</td><td rowspan="1">5</td></tr><tr class="passedodd"><td><a href="#m14">deleteMultipleItemsFromCartTest</a></td><td rowspan="1">1589715275210</td><td rowspan="1">15</td></tr><tr class="passedodd"><td><a href="#m15">forgotPasswordTest</a></td><td rowspan="1">1589715275240</td><td rowspan="1">3</td></tr><tr class="passedodd"><td><a href="#m16">logOutTest</a></td><td rowspan="1">1589715275254</td><td rowspan="1">6</td></tr><tr class="passedodd"><td><a href="#m17">loginTest</a></td><td rowspan="1">1589715275275</td><td rowspan="1">10</td></tr></tbody>
<tbody id="t2"><tr><th colspan="4">Cart Test &#8212; failed</th></tr><tr class="failedeven"><td rowspan="1">testngtests.AssertionsExamplesTests</td><td><a href="#m18">assertionNotEqualsTest</a></td><td rowspan="1">1589715275694</td><td rowspan="1">3</td></tr><tr class="failedodd"><td rowspan="2">testngtests.SampleTest1</td><td><a href="#m19">additionToCartTest</a></td><td rowspan="1">1589715275704</td><td rowspan="1">2</td></tr><tr class="failedodd"><td><a href="#m20">deletingFromCartTest</a></td><td rowspan="1">1589715275709</td><td rowspan="1">2</td></tr></tbody>
</table>
<h2>My Account - Addresses Test</h2><h3 id="m0">testngtests.TestExecutionOrder#addToCartTest</h3><table class="result"><tr><th class="invisible"/></tr></table><p class="totop"><a href="#summary">back to summary</a></p>
<h3 id="m1">testngtests.TestExecutionOrder#forgotPasswordTest</h3><table class="result"><tr><th class="invisible"/></tr></table><p class="totop"><a href="#summary">back to summary</a></p>
<h3 id="m2">testngtests.TestExecutionOrder#logOutTest</h3><table class="result"><tr><th class="invisible"/></tr></table><p class="totop"><a href="#summary">back to summary</a></p>
<h3 id="m3">testngtests.TestExecutionOrder#loginTest</h3><table class="result"><tr><th class="invisible"/></tr></table><p class="totop"><a href="#summary">back to summary</a></p>
<h2>My Account - Orders Test</h2><h3 id="m4">testngtests.TestCaseDependencyManagement#loginTest</h3><table class="result"><tr><th>Exception</th></tr><tr><td><div class="stacktrace">java.lang.AssertionError: Login functionality is not working. expected [somethingelse] but found [something]
	at testngtests.TestCaseDependencyManagement.loginTest(TestCaseDependencyManagement.java:18)
	at java.util.ArrayList.forEach(ArrayList.java:1257)
... Removed 31 stack frames</div></td></tr></table><p class="totop"><a href="#summary">back to summary</a></p>
<h3 id="m5">testngtests.TestCaseDependencyManagement#addMultipleItemsToCartTest</h3><table class="result"><tr><th>Exception</th></tr><tr><td><div class="stacktrace">java.lang.Throwable: Method TestCaseDependencyManagement.addMultipleItemsToCartTest()[pri:0, instance:testngtests.TestCaseDependencyManagement@57855c9a] depends on not successfully finished methods
	at java.util.ArrayList.forEach(ArrayList.java:1257)
... Removed 18 stack frames</div></td></tr></table><p class="totop"><a href="#summary">back to summary</a></p>
<h3 id="m6">testngtests.TestCaseDependencyManagement#addToCartTest</h3><table class="result"><tr><th>Exception</th></tr><tr><td><div class="stacktrace">java.lang.Throwable: Method TestCaseDependencyManagement.addToCartTest()[pri:0, instance:testngtests.TestCaseDependencyManagement@57855c9a] depends on not successfully finished methods
	at java.util.ArrayList.forEach(ArrayList.java:1257)
... Removed 18 stack frames</div></td></tr></table><p class="totop"><a href="#summary">back to summary</a></p>
<h3 id="m7">testngtests.TestCaseDependencyManagement#deleteFromCartTest</h3><table class="result"><tr><th>Exception</th></tr><tr><td><div class="stacktrace">java.lang.Throwable: Method TestCaseDependencyManagement.deleteFromCartTest()[pri:0, instance:testngtests.TestCaseDependencyManagement@57855c9a] depends on not successfully finished methods
	at java.util.ArrayList.forEach(ArrayList.java:1257)
... Removed 18 stack frames</div></td></tr></table><p class="totop"><a href="#summary">back to summary</a></p>
<h3 id="m8">testngtests.TestCaseDependencyManagement#deleteMultipleItemsFromCartTest</h3><table class="result"><tr><th>Exception</th></tr><tr><td><div class="stacktrace">java.lang.Throwable: Method TestCaseDependencyManagement.deleteMultipleItemsFromCartTest()[pri:0, instance:testngtests.TestCaseDependencyManagement@57855c9a] depends on not successfully finished methods
	at java.util.ArrayList.forEach(ArrayList.java:1257)
... Removed 18 stack frames</div></td></tr></table><p class="totop"><a href="#summary">back to summary</a></p>
<h3 id="m9">testngtests.TestCaseDependencyManagement#logOutTest</h3><table class="result"><tr><th>Exception</th></tr><tr><td><div class="stacktrace">java.lang.Throwable: Method TestCaseDependencyManagement.logOutTest()[pri:0, instance:testngtests.TestCaseDependencyManagement@57855c9a] depends on not successfully finished methods
	at java.util.ArrayList.forEach(ArrayList.java:1257)
... Removed 18 stack frames</div></td></tr></table><p class="totop"><a href="#summary">back to summary</a></p>
<h3 id="m10">testngtests.TestCaseDependencyManagement#forgotPasswordTest</h3><table class="result"><tr><th class="invisible"/></tr></table><p class="totop"><a href="#summary">back to summary</a></p>
<h3 id="m11">testngtests.TestCaseGroupingTest#addMultipleItemsToCartTest</h3><table class="result"><tr><th class="invisible"/></tr></table><p class="totop"><a href="#summary">back to summary</a></p>
<h3 id="m12">testngtests.TestCaseGroupingTest#addToCartTest</h3><table class="result"><tr><th class="invisible"/></tr></table><p class="totop"><a href="#summary">back to summary</a></p>
<h3 id="m13">testngtests.TestCaseGroupingTest#deleteFromCartTest</h3><table class="result"><tr><th class="invisible"/></tr></table><p class="totop"><a href="#summary">back to summary</a></p>
<h3 id="m14">testngtests.TestCaseGroupingTest#deleteMultipleItemsFromCartTest</h3><table class="result"><tr><th class="invisible"/></tr></table><p class="totop"><a href="#summary">back to summary</a></p>
<h3 id="m15">testngtests.TestCaseGroupingTest#forgotPasswordTest</h3><table class="result"><tr><th class="invisible"/></tr></table><p class="totop"><a href="#summary">back to summary</a></p>
<h3 id="m16">testngtests.TestCaseGroupingTest#logOutTest</h3><table class="result"><tr><th class="invisible"/></tr></table><p class="totop"><a href="#summary">back to summary</a></p>
<h3 id="m17">testngtests.TestCaseGroupingTest#loginTest</h3><table class="result"><tr><th class="invisible"/></tr></table><p class="totop"><a href="#summary">back to summary</a></p>
<h2>Cart Test</h2><h3 id="m18">testngtests.AssertionsExamplesTests#assertionNotEqualsTest</h3><table class="result"><tr><th>Exception</th></tr><tr><td><div class="stacktrace">java.lang.AssertionError: I am failure Message : Titles should not match biut they are matching.  did not expect [Something] but found [Something]
	at testngtests.AssertionsExamplesTests.assertionNotEqualsTest(AssertionsExamplesTests.java:53)
	at java.util.ArrayList.forEach(ArrayList.java:1257)
... Removed 29 stack frames</div></td></tr></table><p class="totop"><a href="#summary">back to summary</a></p>
<h3 id="m19">testngtests.SampleTest1#additionToCartTest</h3><table class="result"><tr><th>Exception</th></tr><tr><td><div class="stacktrace">java.lang.AssertionError: expected [1] but found [0]
	at testngtests.SampleTest1.additionToCartTest(SampleTest1.java:27)
	at java.util.ArrayList.forEach(ArrayList.java:1257)
... Removed 32 stack frames</div></td></tr></table><p class="totop"><a href="#summary">back to summary</a></p>
<h3 id="m20">testngtests.SampleTest1#deletingFromCartTest</h3><table class="result"><tr><th>Exception</th></tr><tr><td><div class="stacktrace">java.lang.AssertionError: expected [0] but found [3]
	at testngtests.SampleTest1.deletingFromCartTest(SampleTest1.java:46)
	at java.util.ArrayList.forEach(ArrayList.java:1257)
... Removed 32 stack frames</div></td></tr></table><p class="totop"><a href="#summary">back to summary</a></p>
</body>
</html>
